[2024-03-16 20:35:12,150] 22 root - INFO - Entered the data ingetsion method
[2024-03-16 20:35:12,170] 25 root - INFO - read the dataset as dataframe..
[2024-03-16 20:35:12,240] 31 root - INFO - train test and split initiated
[2024-03-16 20:35:12,312] 39 root - INFO - Ingestion of the data is completed
[2024-03-16 20:35:12,374] 53 root - INFO - Read train and test data completed
[2024-03-16 20:35:12,384] 54 root - INFO - Train Dataframe Head : 
   Unnamed: 0  Hour  Month  DayOfWeek  Vehicle_Type  FastagID  TollBoothID  Lane_Type  Vehicle_Dimensions  Transaction_Amount  Amount_paid  Geographical_Location  Vehicle_Speed  Fraud_indicator
0        2412     3     11          6             6      2204            1          0                   1                 125   125.000000                      4             50                1
1        6213    14      1          2             5       127            2          0                   0                 327   115.487635                      2             53                0
2        4518     3     10          4             2      4451            5          1                   2                   0     0.000000                      4             63                1
3        3221    10      5          5             0       577            2          1                   0                 290   265.000000                      2             49                1
4        3518    11      9          3             5      4091            2          0                   0                 340   265.000000                      0             62                1
[2024-03-16 20:35:12,392] 55 root - INFO - Test Dataframe Head  : 
   Unnamed: 0  Hour  Month  DayOfWeek  Vehicle_Type  FastagID  TollBoothID  Lane_Type  Vehicle_Dimensions  Transaction_Amount  Amount_paid  Geographical_Location  Vehicle_Speed  Fraud_indicator
0        6891     7      4          3             6      1493            1          1                   1                 132    95.167621                      3             82                0
1        4119    14      3          2             2      4451            5          1                   2                   0     0.000000                      1             78                1
2        3032    15      2          1             0      3238            2          0                   0                 290   265.000000                      2             81                1
3        3795     3      5          2             0       598            2          1                   0                 340   100.000000                      0             76                0
4         318     5      4          4             5      1922            2          0                   0                 350   265.000000                      3             52                1
[2024-03-16 20:35:12,392] 57 root - INFO - Obtaining preprocessing object
[2024-03-16 20:35:12,392] 94 root - INFO - Exception occured in the initiate_datatransformation
